<?xml version="1.0" encoding="UTF-8"?>
<!-- Generated by org.testng.reporters.JUnitXMLReporter -->
<testsuite ignored="0" hostname="Gurleens-iMac.local" failures="1" tests="7" name="Test" time="0.061" errors="0" timestamp="21 Dec. 2021 18:03:13 GMT">
  <testcase classname="Tests.Test1" name="test1" time="0.001"/>
  <testcase classname="Tests.Test1" name="test1" time="0.0"/>
  <testcase classname="Tests.Test1" name="test2" time="0.0"/>
  <testcase classname="Tests.Test1" name="test3" time="0.0"/>
  <testcase classname="Tests.Test1" name="testDataProvider" time="0.0">
    <failure type="org.testng.TestNGException" message="
Method public void Tests.Test1.testDataProvider(int,java.lang.String) requires a @DataProvider named : dp">
      <![CDATA[org.testng.TestNGException: 
Method public void Tests.Test1.testDataProvider(int,java.lang.String) requires a @DataProvider named : dp
... Removed 21 stack frames]]>
    </failure>
  </testcase> <!-- testDataProvider -->
  <testcase classname="Tests.Test2" name="test4" time="0.001"/>
  <testcase classname="Tests.Test2" name="test5" time="0.0"/>
</testsuite> <!-- Test -->
