<?xml version="1.0" encoding="UTF-8"?>
<testng-results ignored="0" total="2" passed="2" failed="0" skipped="0">
  <reporter-output>
  </reporter-output>
  <suite started-at="2022-02-06T11:42:06 EST" name="TestSuite" finished-at="2022-02-06T11:42:34 EST" duration-ms="27957">
    <groups>
    </groups>
    <test started-at="2022-02-06T11:42:06 EST" name="ChromeTest" finished-at="2022-02-06T11:42:15 EST" duration-ms="9693">
      <class name="Tests.CrossBrowserTesting">
        <test-method is-config="true" signature="setup(java.lang.String)[pri:0, instance:Tests.CrossBrowserTesting@6631f5ca]" started-at="2022-02-06T11:42:06 EST" name="setup" finished-at="2022-02-06T11:42:08 EST" duration-ms="2010" status="PASS">
          <params>
            <param index="0">
              <value>
                <![CDATA[chrome]]>
              </value>
            </param>
          </params>
          <reporter-output>
          </reporter-output>
        </test-method> <!-- setup -->
        <test-method signature="fbLogin()[pri:0, instance:Tests.CrossBrowserTesting@6631f5ca]" started-at="2022-02-06T11:42:08 EST" name="fbLogin" finished-at="2022-02-06T11:42:15 EST" duration-ms="7658" status="PASS">
          <reporter-output>
          </reporter-output>
        </test-method> <!-- fbLogin -->
      </class> <!-- Tests.CrossBrowserTesting -->
    </test> <!-- ChromeTest -->
    <test started-at="2022-02-06T11:42:06 EST" name="FirefoxTest" finished-at="2022-02-06T11:42:34 EST" duration-ms="27957">
      <class name="Tests.CrossBrowserTesting">
        <test-method is-config="true" signature="setup(java.lang.String)[pri:0, instance:Tests.CrossBrowserTesting@32b260fa]" started-at="2022-02-06T11:42:06 EST" name="setup" finished-at="2022-02-06T11:42:31 EST" duration-ms="24756" status="PASS">
          <params>
            <param index="0">
              <value>
                <![CDATA[firefox]]>
              </value>
            </param>
          </params>
          <reporter-output>
          </reporter-output>
        </test-method> <!-- setup -->
        <test-method signature="fbLogin()[pri:0, instance:Tests.CrossBrowserTesting@32b260fa]" started-at="2022-02-06T11:42:31 EST" name="fbLogin" finished-at="2022-02-06T11:42:34 EST" duration-ms="3191" status="PASS">
          <reporter-output>
          </reporter-output>
        </test-method> <!-- fbLogin -->
      </class> <!-- Tests.CrossBrowserTesting -->
    </test> <!-- FirefoxTest -->
  </suite> <!-- TestSuite -->
</testng-results>
