<?xml version="1.0" encoding="UTF-8"?>
<testng-results ignored="0" total="2" passed="2" failed="0" skipped="0">
  <reporter-output>
  </reporter-output>
  <suite started-at="2022-01-27T16:58:48 EST" name="TestSuite" finished-at="2022-01-27T16:58:59 EST" duration-ms="10703">
    <groups>
    </groups>
    <test started-at="2022-01-27T16:58:48 EST" name="FirefoxTest" finished-at="2022-01-27T16:58:55 EST" duration-ms="6342">
      <class name="Tests.CrossBrowserTesting">
        <test-method is-config="true" signature="setup(java.lang.String)[pri:0, instance:Tests.CrossBrowserTesting@32b260fa]" started-at="2022-01-27T16:58:48 EST" name="setup" finished-at="2022-01-27T16:58:51 EST" duration-ms="2785" status="PASS">
          <params>
            <param index="0">
              <value>
                <![CDATA[firefox]]>
              </value>
            </param>
          </params>
          <reporter-output>
          </reporter-output>
        </test-method> <!-- setup -->
        <test-method signature="fbLogin()[pri:0, instance:Tests.CrossBrowserTesting@32b260fa]" started-at="2022-01-27T16:58:51 EST" name="fbLogin" finished-at="2022-01-27T16:58:55 EST" duration-ms="3542" status="PASS">
          <reporter-output>
          </reporter-output>
        </test-method> <!-- fbLogin -->
      </class> <!-- Tests.CrossBrowserTesting -->
    </test> <!-- FirefoxTest -->
    <test started-at="2022-01-27T16:58:48 EST" name="ChromeTest" finished-at="2022-01-27T16:58:59 EST" duration-ms="10702">
      <class name="Tests.CrossBrowserTesting">
        <test-method is-config="true" signature="setup(java.lang.String)[pri:0, instance:Tests.CrossBrowserTesting@6631f5ca]" started-at="2022-01-27T16:58:48 EST" name="setup" finished-at="2022-01-27T16:58:51 EST" duration-ms="2375" status="PASS">
          <params>
            <param index="0">
              <value>
                <![CDATA[chrome]]>
              </value>
            </param>
          </params>
          <reporter-output>
          </reporter-output>
        </test-method> <!-- setup -->
        <test-method signature="fbLogin()[pri:0, instance:Tests.CrossBrowserTesting@6631f5ca]" started-at="2022-01-27T16:58:51 EST" name="fbLogin" finished-at="2022-01-27T16:58:59 EST" duration-ms="8293" status="PASS">
          <reporter-output>
          </reporter-output>
        </test-method> <!-- fbLogin -->
      </class> <!-- Tests.CrossBrowserTesting -->
    </test> <!-- ChromeTest -->
  </suite> <!-- TestSuite -->
</testng-results>
