<?xml version="1.0" encoding="UTF-8"?>
<!-- Generated by org.testng.reporters.JUnitXMLReporter -->
<testsuite ignored="0" hostname="Gurleens-iMac.local" failures="1" tests="7" name="Test" time="0.08" errors="0" timestamp="2022-01-26T20:54:28 EST">
  <testcase classname="Tests.Test1" name="test1" time="0.003"/>
  <testcase classname="Tests.Test1" name="test1" time="0.003"/>
  <testcase classname="Tests.Test1" name="test2" time="0.003"/>
  <testcase classname="Tests.Test1" name="test3" time="0.008"/>
  <testcase classname="Tests.Test1" name="testDataProvider" time="0.0">
    <failure type="org.testng.TestNGException" message="
Method public void Tests.Test1.testDataProvider(int,java.lang.String) requires a @DataProvider named : dp">
      <![CDATA[org.testng.TestNGException: 
Method public void Tests.Test1.testDataProvider(int,java.lang.String) requires a @DataProvider named : dp
at java.base/java.util.ArrayList.forEach(ArrayList.java:1511)
at java.base/java.util.concurrent.FutureTask.run(FutureTask.java:264)
at java.base/java.util.concurrent.ThreadPoolExecutor.runWorker(ThreadPoolExecutor.java:1130)
at java.base/java.util.concurrent.ThreadPoolExecutor$Worker.run(ThreadPoolExecutor.java:630)
at java.base/java.lang.Thread.run(Thread.java:832)
... Removed 15 stack frames]]>
    </failure>
  </testcase> <!-- testDataProvider -->
  <testcase classname="Tests.Test2" name="test4" time="0.003"/>
  <testcase classname="Tests.Test2" name="test5" time="0.004"/>
</testsuite> <!-- Test -->
